build/app/intermediates/manifest_merge_blame_file/debug/processDebugMainManifest/manifest-merger-blame-debug-report.txt
1<?xml version="1.0" encoding="utf-8"?>
2<manifest xmlns:android="http://schemas.android.com/apk/res/android"
3    package="com.example.eldora"
4    android:versionCode="1"
5    android:versionName="1.0.0" >
6
7    <uses-sdk
8        android:minSdkVersion="23"
9        android:targetSdkVersion="35" />
10    <!--
11         The INTERNET permission is required for development. Specifically,
12         the Flutter tool needs it to communicate with the running application
13         to allow setting breakpoints, to provide hot reload, etc.
14    -->
15    <uses-permission android:name="android.permission.INTERNET" />
15-->src\main\AndroidManifest.xml:4:5-66
15-->src\main\AndroidManifest.xml:4:22-64
16    <uses-permission android:name="android.permission.ACCESS_FINE_LOCATION" />
16-->src\main\AndroidManifest.xml:5:5-78
16-->src\main\AndroidManifest.xml:5:22-76
17    <uses-permission android:name="android.permission.ACCESS_COARSE_LOCATION" />
17-->src\main\AndroidManifest.xml:6:5-80
17-->src\main\AndroidManifest.xml:6:22-78
18    <uses-permission android:name="android.permission.CAMERA" />
18-->src\main\AndroidManifest.xml:7:5-64
18-->src\main\AndroidManifest.xml:7:22-62
19    <!--
20 Required to query activities that can process text, see:
21         https://developer.android.com/training/package-visibility and
22         https://developer.android.com/reference/android/content/Intent#ACTION_PROCESS_TEXT.
23
24         In particular, this is used by the Flutter engine in io.flutter.plugin.text.ProcessTextPlugin.
25    -->
26    <queries>
26-->src\main\AndroidManifest.xml:53:5-58:15
27        <intent>
27-->src\main\AndroidManifest.xml:54:9-57:18
28            <action android:name="android.intent.action.PROCESS_TEXT" />
28-->src\main\AndroidManifest.xml:55:13-72
28-->src\main\AndroidManifest.xml:55:21-70
29
30            <data android:mimeType="text/plain" />
30-->src\main\AndroidManifest.xml:56:13-50
30-->src\main\AndroidManifest.xml:56:19-48
31        </intent>
32        <!-- Needs to be explicitly declared on Android R+ -->
33        <package android:name="com.google.android.apps.maps" />
33-->[com.google.android.gms:play-services-maps:18.2.0] AndroidManifest.xml:33:9-64
33-->[com.google.android.gms:play-services-maps:18.2.0] AndroidManifest.xml:33:18-61
34    </queries>
35
36    <uses-permission android:name="android.permission.WAKE_LOCK" />
36-->[:firebase_messaging] AndroidManifest.xml:8:5-68
36-->[:firebase_messaging] AndroidManifest.xml:8:22-65
37    <uses-permission android:name="android.permission.ACCESS_NETWORK_STATE" /> <!-- Permissions options for the `notification` group -->
37-->[:firebase_messaging] AndroidManifest.xml:9:5-79
37-->[:firebase_messaging] AndroidManifest.xml:9:22-76
38    <uses-permission android:name="android.permission.POST_NOTIFICATIONS" /> <!-- Required by older versions of Google Play services to create IID tokens -->
38-->[:firebase_messaging] AndroidManifest.xml:11:5-77
38-->[:firebase_messaging] AndroidManifest.xml:11:22-74
39    <uses-permission android:name="com.google.android.c2dm.permission.RECEIVE" />
39-->[com.google.firebase:firebase-messaging:24.1.1] AndroidManifest.xml:26:5-82
39-->[com.google.firebase:firebase-messaging:24.1.1] AndroidManifest.xml:26:22-79
40    <uses-permission android:name="android.permission.VIBRATE" />
40-->[:flutter_local_notifications] AndroidManifest.xml:7:5-66
40-->[:flutter_local_notifications] AndroidManifest.xml:7:22-63
41
42    <uses-feature
42-->[com.google.android.gms:play-services-maps:18.2.0] AndroidManifest.xml:26:5-28:35
43        android:glEsVersion="0x00020000"
43-->[com.google.android.gms:play-services-maps:18.2.0] AndroidManifest.xml:27:9-41
44        android:required="true" />
44-->[com.google.android.gms:play-services-maps:18.2.0] AndroidManifest.xml:28:9-32
45
46    <uses-permission android:name="com.google.android.providers.gsf.permission.READ_GSERVICES" />
46-->[com.google.android.recaptcha:recaptcha:18.6.1] AndroidManifest.xml:9:5-98
46-->[com.google.android.recaptcha:recaptcha:18.6.1] AndroidManifest.xml:9:22-95
47
48    <permission
48-->[androidx.core:core:1.13.1] AndroidManifest.xml:22:5-24:47
49        android:name="com.example.eldora.DYNAMIC_RECEIVER_NOT_EXPORTED_PERMISSION"
49-->[androidx.core:core:1.13.1] AndroidManifest.xml:23:9-81
50        android:protectionLevel="signature" />
50-->[androidx.core:core:1.13.1] AndroidManifest.xml:24:9-44
51
52    <uses-permission android:name="com.example.eldora.DYNAMIC_RECEIVER_NOT_EXPORTED_PERMISSION" />
52-->[androidx.core:core:1.13.1] AndroidManifest.xml:26:5-97
52-->[androidx.core:core:1.13.1] AndroidManifest.xml:26:22-94
53
54    <application
55        android:name="android.app.Application"
56        android:appComponentFactory="androidx.core.app.CoreComponentFactory"
56-->[androidx.core:core:1.13.1] AndroidManifest.xml:28:18-86
57        android:debuggable="true"
58        android:extractNativeLibs="false"
59        android:icon="@mipmap/ic_launcher"
60        android:label="eldora" >
61
62        <!-- Add FCM settings -->
63        <meta-data
64            android:name="com.google.firebase.messaging.default_notification_channel_id"
65            android:value="sos_alert_channel" />
66
67        <activity
68            android:name="com.example.eldora.MainActivity"
69            android:configChanges="orientation|keyboardHidden|keyboard|screenSize|smallestScreenSize|locale|layoutDirection|fontScale|screenLayout|density|uiMode"
70            android:exported="true"
71            android:hardwareAccelerated="true"
72            android:launchMode="singleTop"
73            android:taskAffinity=""
74            android:theme="@style/LaunchTheme"
75            android:windowSoftInputMode="adjustResize" >
76
77            <!--
78                 Specifies an Android theme to apply to this Activity as soon as
79                 the Android process has started. This theme is visible to the user
80                 while the Flutter UI initializes. After that, this theme continues
81                 to determine the Window background behind the Flutter UI.
82            -->
83            <meta-data
84                android:name="io.flutter.embedding.android.NormalTheme"
85                android:resource="@style/NormalTheme" />
86
87            <intent-filter>
88                <action android:name="android.intent.action.MAIN" />
89
90                <category android:name="android.intent.category.LAUNCHER" />
91            </intent-filter>
92        </activity>
93        <!--
94             Don't delete the meta-data below.
95             This is used by the Flutter tool to generate GeneratedPluginRegistrant.java
96        -->
97        <meta-data
98            android:name="flutterEmbedding"
99            android:value="2" />
100
101        <service
101-->[:location] AndroidManifest.xml:11:9-15:56
102            android:name="com.lyokone.location.FlutterLocationService"
102-->[:location] AndroidManifest.xml:12:13-71
103            android:enabled="true"
103-->[:location] AndroidManifest.xml:13:13-35
104            android:exported="false"
104-->[:location] AndroidManifest.xml:14:13-37
105            android:foregroundServiceType="location" />
105-->[:location] AndroidManifest.xml:15:13-53
106        <service
106-->[:cloud_firestore] AndroidManifest.xml:8:9-12:19
107            android:name="com.google.firebase.components.ComponentDiscoveryService"
107-->[:cloud_firestore] AndroidManifest.xml:8:18-89
108            android:directBootAware="true"
108-->[com.google.firebase:firebase-common:21.0.0] AndroidManifest.xml:32:13-43
109            android:exported="false" >
109-->[com.google.firebase:firebase-firestore:25.1.3] AndroidManifest.xml:16:13-37
110            <meta-data
110-->[:cloud_firestore] AndroidManifest.xml:9:13-11:85
111                android:name="com.google.firebase.components:io.flutter.plugins.firebase.firestore.FlutterFirebaseFirestoreRegistrar"
111-->[:cloud_firestore] AndroidManifest.xml:10:17-134
112                android:value="com.google.firebase.components.ComponentRegistrar" />
112-->[:cloud_firestore] AndroidManifest.xml:11:17-82
113            <meta-data
113-->[:firebase_app_check] AndroidManifest.xml:9:13-11:85
114                android:name="com.google.firebase.components:io.flutter.plugins.firebase.appcheck.FlutterFirebaseAppRegistrar"
114-->[:firebase_app_check] AndroidManifest.xml:10:17-127
115                android:value="com.google.firebase.components.ComponentRegistrar" />
115-->[:firebase_app_check] AndroidManifest.xml:11:17-82
116            <meta-data
116-->[:firebase_auth] AndroidManifest.xml:9:13-11:85
117                android:name="com.google.firebase.components:io.flutter.plugins.firebase.auth.FlutterFirebaseAuthRegistrar"
117-->[:firebase_auth] AndroidManifest.xml:10:17-124
118                android:value="com.google.firebase.components.ComponentRegistrar" />
118-->[:firebase_auth] AndroidManifest.xml:11:17-82
119            <meta-data
119-->[:firebase_messaging] AndroidManifest.xml:36:13-38:85
120                android:name="com.google.firebase.components:io.flutter.plugins.firebase.messaging.FlutterFirebaseAppRegistrar"
120-->[:firebase_messaging] AndroidManifest.xml:37:17-128
121                android:value="com.google.firebase.components.ComponentRegistrar" />
121-->[:firebase_messaging] AndroidManifest.xml:38:17-82
122            <meta-data
122-->[:firebase_performance] AndroidManifest.xml:11:13-13:85
123                android:name="com.google.firebase.components:io.flutter.plugins.firebase.performance.FlutterFirebaseAppRegistrar"
123-->[:firebase_performance] AndroidManifest.xml:12:17-130
124                android:value="com.google.firebase.components.ComponentRegistrar" />
124-->[:firebase_performance] AndroidManifest.xml:13:17-82
125            <meta-data
125-->[:firebase_storage] AndroidManifest.xml:9:13-11:85
126                android:name="com.google.firebase.components:io.flutter.plugins.firebase.storage.FlutterFirebaseAppRegistrar"
126-->[:firebase_storage] AndroidManifest.xml:10:17-126
127                android:value="com.google.firebase.components.ComponentRegistrar" />
127-->[:firebase_storage] AndroidManifest.xml:11:17-82
128            <meta-data
128-->[:firebase_core] AndroidManifest.xml:9:13-11:85
129                android:name="com.google.firebase.components:io.flutter.plugins.firebase.core.FlutterFirebaseCoreRegistrar"
129-->[:firebase_core] AndroidManifest.xml:10:17-124
130                android:value="com.google.firebase.components.ComponentRegistrar" />
130-->[:firebase_core] AndroidManifest.xml:11:17-82
131            <meta-data
131-->[com.google.firebase:firebase-firestore:25.1.3] AndroidManifest.xml:17:13-19:85
132                android:name="com.google.firebase.components:com.google.firebase.firestore.FirebaseFirestoreKtxRegistrar"
132-->[com.google.firebase:firebase-firestore:25.1.3] AndroidManifest.xml:18:17-122
133                android:value="com.google.firebase.components.ComponentRegistrar" />
133-->[com.google.firebase:firebase-firestore:25.1.3] AndroidManifest.xml:19:17-82
134            <meta-data
134-->[com.google.firebase:firebase-firestore:25.1.3] AndroidManifest.xml:20:13-22:85
135                android:name="com.google.firebase.components:com.google.firebase.firestore.FirestoreRegistrar"
135-->[com.google.firebase:firebase-firestore:25.1.3] AndroidManifest.xml:21:17-111
136                android:value="com.google.firebase.components.ComponentRegistrar" />
136-->[com.google.firebase:firebase-firestore:25.1.3] AndroidManifest.xml:22:17-82
137            <meta-data
137-->[com.google.firebase:firebase-appcheck-debug:18.0.0] AndroidManifest.xml:25:13-27:85
138                android:name="com.google.firebase.components:com.google.firebase.appcheck.debug.FirebaseAppCheckDebugRegistrar"
138-->[com.google.firebase:firebase-appcheck-debug:18.0.0] AndroidManifest.xml:26:17-128
139                android:value="com.google.firebase.components.ComponentRegistrar" />
139-->[com.google.firebase:firebase-appcheck-debug:18.0.0] AndroidManifest.xml:27:17-82
140            <meta-data
140-->[com.google.firebase:firebase-appcheck-playintegrity:18.0.0] AndroidManifest.xml:25:13-27:85
141                android:name="com.google.firebase.components:com.google.firebase.appcheck.playintegrity.FirebaseAppCheckPlayIntegrityRegistrar"
141-->[com.google.firebase:firebase-appcheck-playintegrity:18.0.0] AndroidManifest.xml:26:17-144
142                android:value="com.google.firebase.components.ComponentRegistrar" />
142-->[com.google.firebase:firebase-appcheck-playintegrity:18.0.0] AndroidManifest.xml:27:17-82
143            <meta-data
143-->[com.google.firebase:firebase-auth:23.2.0] AndroidManifest.xml:69:13-71:85
144                android:name="com.google.firebase.components:com.google.firebase.auth.FirebaseAuthRegistrar"
144-->[com.google.firebase:firebase-auth:23.2.0] AndroidManifest.xml:70:17-109
145                android:value="com.google.firebase.components.ComponentRegistrar" />
145-->[com.google.firebase:firebase-auth:23.2.0] AndroidManifest.xml:71:17-82
146            <meta-data
146-->[com.google.firebase:firebase-messaging:24.1.1] AndroidManifest.xml:57:13-59:85
147                android:name="com.google.firebase.components:com.google.firebase.messaging.FirebaseMessagingKtxRegistrar"
147-->[com.google.firebase:firebase-messaging:24.1.1] AndroidManifest.xml:58:17-122
148                android:value="com.google.firebase.components.ComponentRegistrar" />
148-->[com.google.firebase:firebase-messaging:24.1.1] AndroidManifest.xml:59:17-82
149            <meta-data
149-->[com.google.firebase:firebase-messaging:24.1.1] AndroidManifest.xml:60:13-62:85
150                android:name="com.google.firebase.components:com.google.firebase.messaging.FirebaseMessagingRegistrar"
150-->[com.google.firebase:firebase-messaging:24.1.1] AndroidManifest.xml:61:17-119
151                android:value="com.google.firebase.components.ComponentRegistrar" />
151-->[com.google.firebase:firebase-messaging:24.1.1] AndroidManifest.xml:62:17-82
152            <meta-data
152-->[com.google.firebase:firebase-perf:21.0.5] AndroidManifest.xml:14:13-16:85
153                android:name="com.google.firebase.components:com.google.firebase.perf.FirebasePerfKtxRegistrar"
153-->[com.google.firebase:firebase-perf:21.0.5] AndroidManifest.xml:15:17-112
154                android:value="com.google.firebase.components.ComponentRegistrar" />
154-->[com.google.firebase:firebase-perf:21.0.5] AndroidManifest.xml:16:17-82
155            <meta-data
155-->[com.google.firebase:firebase-perf:21.0.5] AndroidManifest.xml:17:13-19:85
156                android:name="com.google.firebase.components:com.google.firebase.perf.FirebasePerfRegistrar"
156-->[com.google.firebase:firebase-perf:21.0.5] AndroidManifest.xml:18:17-109
157                android:value="com.google.firebase.components.ComponentRegistrar" />
157-->[com.google.firebase:firebase-perf:21.0.5] AndroidManifest.xml:19:17-82
158            <meta-data
158-->[com.google.firebase:firebase-storage:21.0.1] AndroidManifest.xml:30:13-32:85
159                android:name="com.google.firebase.components:com.google.firebase.storage.FirebaseStorageKtxRegistrar"
159-->[com.google.firebase:firebase-storage:21.0.1] AndroidManifest.xml:31:17-118
160                android:value="com.google.firebase.components.ComponentRegistrar" />
160-->[com.google.firebase:firebase-storage:21.0.1] AndroidManifest.xml:32:17-82
161            <meta-data
161-->[com.google.firebase:firebase-storage:21.0.1] AndroidManifest.xml:33:13-35:85
162                android:name="com.google.firebase.components:com.google.firebase.storage.StorageRegistrar"
162-->[com.google.firebase:firebase-storage:21.0.1] AndroidManifest.xml:34:17-107
163                android:value="com.google.firebase.components.ComponentRegistrar" />
163-->[com.google.firebase:firebase-storage:21.0.1] AndroidManifest.xml:35:17-82
164            <meta-data
164-->[com.google.firebase:firebase-appcheck-safetynet:16.1.2] AndroidManifest.xml:27:13-29:85
165                android:name="com.google.firebase.components:com.google.firebase.appcheck.safetynet.FirebaseAppCheckSafetyNetRegistrar"
165-->[com.google.firebase:firebase-appcheck-safetynet:16.1.2] AndroidManifest.xml:28:17-136
166                android:value="com.google.firebase.components.ComponentRegistrar" />
166-->[com.google.firebase:firebase-appcheck-safetynet:16.1.2] AndroidManifest.xml:29:17-82
167            <meta-data
167-->[com.google.firebase:firebase-appcheck:18.0.0] AndroidManifest.xml:25:13-27:85
168                android:name="com.google.firebase.components:com.google.firebase.appcheck.FirebaseAppCheckKtxRegistrar"
168-->[com.google.firebase:firebase-appcheck:18.0.0] AndroidManifest.xml:26:17-120
169                android:value="com.google.firebase.components.ComponentRegistrar" />
169-->[com.google.firebase:firebase-appcheck:18.0.0] AndroidManifest.xml:27:17-82
170            <meta-data
170-->[com.google.firebase:firebase-appcheck:18.0.0] AndroidManifest.xml:28:13-30:85
171                android:name="com.google.firebase.components:com.google.firebase.appcheck.FirebaseAppCheckRegistrar"
171-->[com.google.firebase:firebase-appcheck:18.0.0] AndroidManifest.xml:29:17-117
172                android:value="com.google.firebase.components.ComponentRegistrar" />
172-->[com.google.firebase:firebase-appcheck:18.0.0] AndroidManifest.xml:30:17-82
173            <meta-data
173-->[com.google.firebase:firebase-sessions:2.0.7] AndroidManifest.xml:29:13-31:85
174                android:name="com.google.firebase.components:com.google.firebase.sessions.FirebaseSessionsRegistrar"
174-->[com.google.firebase:firebase-sessions:2.0.7] AndroidManifest.xml:30:17-117
175                android:value="com.google.firebase.components.ComponentRegistrar" />
175-->[com.google.firebase:firebase-sessions:2.0.7] AndroidManifest.xml:31:17-82
176            <meta-data
176-->[com.google.firebase:firebase-config:22.1.0] AndroidManifest.xml:29:13-31:85
177                android:name="com.google.firebase.components:com.google.firebase.remoteconfig.FirebaseRemoteConfigKtxRegistrar"
177-->[com.google.firebase:firebase-config:22.1.0] AndroidManifest.xml:30:17-128
178                android:value="com.google.firebase.components.ComponentRegistrar" />
178-->[com.google.firebase:firebase-config:22.1.0] AndroidManifest.xml:31:17-82
179            <meta-data
179-->[com.google.firebase:firebase-config:22.1.0] AndroidManifest.xml:32:13-34:85
180                android:name="com.google.firebase.components:com.google.firebase.remoteconfig.RemoteConfigRegistrar"
180-->[com.google.firebase:firebase-config:22.1.0] AndroidManifest.xml:33:17-117
181                android:value="com.google.firebase.components.ComponentRegistrar" />
181-->[com.google.firebase:firebase-config:22.1.0] AndroidManifest.xml:34:17-82
182            <meta-data
182-->[com.google.firebase:firebase-installations:18.0.0] AndroidManifest.xml:15:13-17:85
183                android:name="com.google.firebase.components:com.google.firebase.installations.FirebaseInstallationsKtxRegistrar"
183-->[com.google.firebase:firebase-installations:18.0.0] AndroidManifest.xml:16:17-130
184                android:value="com.google.firebase.components.ComponentRegistrar" />
184-->[com.google.firebase:firebase-installations:18.0.0] AndroidManifest.xml:17:17-82
185            <meta-data
185-->[com.google.firebase:firebase-installations:18.0.0] AndroidManifest.xml:18:13-20:85
186                android:name="com.google.firebase.components:com.google.firebase.installations.FirebaseInstallationsRegistrar"
186-->[com.google.firebase:firebase-installations:18.0.0] AndroidManifest.xml:19:17-127
187                android:value="com.google.firebase.components.ComponentRegistrar" />
187-->[com.google.firebase:firebase-installations:18.0.0] AndroidManifest.xml:20:17-82
188            <meta-data
188-->[com.google.firebase:firebase-common-ktx:21.0.0] AndroidManifest.xml:12:13-14:85
189                android:name="com.google.firebase.components:com.google.firebase.ktx.FirebaseCommonLegacyRegistrar"
189-->[com.google.firebase:firebase-common-ktx:21.0.0] AndroidManifest.xml:13:17-116
190                android:value="com.google.firebase.components.ComponentRegistrar" />
190-->[com.google.firebase:firebase-common-ktx:21.0.0] AndroidManifest.xml:14:17-82
191            <meta-data
191-->[com.google.firebase:firebase-common:21.0.0] AndroidManifest.xml:35:13-37:85
192                android:name="com.google.firebase.components:com.google.firebase.FirebaseCommonKtxRegistrar"
192-->[com.google.firebase:firebase-common:21.0.0] AndroidManifest.xml:36:17-109
193                android:value="com.google.firebase.components.ComponentRegistrar" />
193-->[com.google.firebase:firebase-common:21.0.0] AndroidManifest.xml:37:17-82
194            <meta-data
194-->[com.google.firebase:firebase-abt:21.1.1] AndroidManifest.xml:12:13-14:85
195                android:name="com.google.firebase.components:com.google.firebase.abt.component.AbtRegistrar"
195-->[com.google.firebase:firebase-abt:21.1.1] AndroidManifest.xml:13:17-109
196                android:value="com.google.firebase.components.ComponentRegistrar" />
196-->[com.google.firebase:firebase-abt:21.1.1] AndroidManifest.xml:14:17-82
197            <meta-data
197-->[com.google.firebase:firebase-datatransport:19.0.0] AndroidManifest.xml:25:13-27:85
198                android:name="com.google.firebase.components:com.google.firebase.datatransport.TransportRegistrar"
198-->[com.google.firebase:firebase-datatransport:19.0.0] AndroidManifest.xml:26:17-115
199                android:value="com.google.firebase.components.ComponentRegistrar" />
199-->[com.google.firebase:firebase-datatransport:19.0.0] AndroidManifest.xml:27:17-82
200        </service>
201        <service
201-->[:firebase_messaging] AndroidManifest.xml:14:9-17:72
202            android:name="io.flutter.plugins.firebase.messaging.FlutterFirebaseMessagingBackgroundService"
202-->[:firebase_messaging] AndroidManifest.xml:15:13-107
203            android:exported="false"
203-->[:firebase_messaging] AndroidManifest.xml:16:13-37
204            android:permission="android.permission.BIND_JOB_SERVICE" />
204-->[:firebase_messaging] AndroidManifest.xml:17:13-69
205        <service
205-->[:firebase_messaging] AndroidManifest.xml:18:9-24:19
206            android:name="io.flutter.plugins.firebase.messaging.FlutterFirebaseMessagingService"
206-->[:firebase_messaging] AndroidManifest.xml:19:13-97
207            android:exported="false" >
207-->[:firebase_messaging] AndroidManifest.xml:20:13-37
208            <intent-filter>
208-->[:firebase_messaging] AndroidManifest.xml:21:13-23:29
209                <action android:name="com.google.firebase.MESSAGING_EVENT" />
209-->[:firebase_messaging] AndroidManifest.xml:22:17-78
209-->[:firebase_messaging] AndroidManifest.xml:22:25-75
210            </intent-filter>
211        </service>
212
213        <receiver
213-->[:firebase_messaging] AndroidManifest.xml:26:9-33:20
214            android:name="io.flutter.plugins.firebase.messaging.FlutterFirebaseMessagingReceiver"
214-->[:firebase_messaging] AndroidManifest.xml:27:13-98
215            android:exported="true"
215-->[:firebase_messaging] AndroidManifest.xml:28:13-36
216            android:permission="com.google.android.c2dm.permission.SEND" >
216-->[:firebase_messaging] AndroidManifest.xml:29:13-73
217            <intent-filter>
217-->[:firebase_messaging] AndroidManifest.xml:30:13-32:29
218                <action android:name="com.google.android.c2dm.intent.RECEIVE" />
218-->[:firebase_messaging] AndroidManifest.xml:31:17-81
218-->[:firebase_messaging] AndroidManifest.xml:31:25-78
219            </intent-filter>
220        </receiver>
221
222        <provider
222-->[:firebase_messaging] AndroidManifest.xml:41:9-45:38
223            android:name="io.flutter.plugins.firebase.messaging.FlutterFirebaseMessagingInitProvider"
223-->[:firebase_messaging] AndroidManifest.xml:42:13-102
224            android:authorities="com.example.eldora.flutterfirebasemessaginginitprovider"
224-->[:firebase_messaging] AndroidManifest.xml:43:13-88
225            android:exported="false"
225-->[:firebase_messaging] AndroidManifest.xml:44:13-37
226            android:initOrder="99" />
226-->[:firebase_messaging] AndroidManifest.xml:45:13-35
227
228        <activity
228-->[com.google.firebase:firebase-auth:23.2.0] AndroidManifest.xml:29:9-46:20
229            android:name="com.google.firebase.auth.internal.GenericIdpActivity"
229-->[com.google.firebase:firebase-auth:23.2.0] AndroidManifest.xml:30:13-80
230            android:excludeFromRecents="true"
230-->[com.google.firebase:firebase-auth:23.2.0] AndroidManifest.xml:31:13-46
231            android:exported="true"
231-->[com.google.firebase:firebase-auth:23.2.0] AndroidManifest.xml:32:13-36
232            android:launchMode="singleTask"
232-->[com.google.firebase:firebase-auth:23.2.0] AndroidManifest.xml:33:13-44
233            android:theme="@android:style/Theme.Translucent.NoTitleBar" >
233-->[com.google.firebase:firebase-auth:23.2.0] AndroidManifest.xml:34:13-72
234            <intent-filter>
234-->[com.google.firebase:firebase-auth:23.2.0] AndroidManifest.xml:35:13-45:29
235                <action android:name="android.intent.action.VIEW" />
235-->[com.google.firebase:firebase-auth:23.2.0] AndroidManifest.xml:36:17-69
235-->[com.google.firebase:firebase-auth:23.2.0] AndroidManifest.xml:36:25-66
236
237                <category android:name="android.intent.category.DEFAULT" />
237-->[com.google.firebase:firebase-auth:23.2.0] AndroidManifest.xml:38:17-76
237-->[com.google.firebase:firebase-auth:23.2.0] AndroidManifest.xml:38:27-73
238                <category android:name="android.intent.category.BROWSABLE" />
238-->[com.google.firebase:firebase-auth:23.2.0] AndroidManifest.xml:39:17-78
238-->[com.google.firebase:firebase-auth:23.2.0] AndroidManifest.xml:39:27-75
239
240                <data
240-->src\main\AndroidManifest.xml:56:13-50
241                    android:host="firebase.auth"
242                    android:path="/"
243                    android:scheme="genericidp" />
244            </intent-filter>
245        </activity>
246        <activity
246-->[com.google.firebase:firebase-auth:23.2.0] AndroidManifest.xml:47:9-64:20
247            android:name="com.google.firebase.auth.internal.RecaptchaActivity"
247-->[com.google.firebase:firebase-auth:23.2.0] AndroidManifest.xml:48:13-79
248            android:excludeFromRecents="true"
248-->[com.google.firebase:firebase-auth:23.2.0] AndroidManifest.xml:49:13-46
249            android:exported="true"
249-->[com.google.firebase:firebase-auth:23.2.0] AndroidManifest.xml:50:13-36
250            android:launchMode="singleTask"
250-->[com.google.firebase:firebase-auth:23.2.0] AndroidManifest.xml:51:13-44
251            android:theme="@android:style/Theme.Translucent.NoTitleBar" >
251-->[com.google.firebase:firebase-auth:23.2.0] AndroidManifest.xml:52:13-72
252            <intent-filter>
252-->[com.google.firebase:firebase-auth:23.2.0] AndroidManifest.xml:53:13-63:29
253                <action android:name="android.intent.action.VIEW" />
253-->[com.google.firebase:firebase-auth:23.2.0] AndroidManifest.xml:36:17-69
253-->[com.google.firebase:firebase-auth:23.2.0] AndroidManifest.xml:36:25-66
254
255                <category android:name="android.intent.category.DEFAULT" />
255-->[com.google.firebase:firebase-auth:23.2.0] AndroidManifest.xml:38:17-76
255-->[com.google.firebase:firebase-auth:23.2.0] AndroidManifest.xml:38:27-73
256                <category android:name="android.intent.category.BROWSABLE" />
256-->[com.google.firebase:firebase-auth:23.2.0] AndroidManifest.xml:39:17-78
256-->[com.google.firebase:firebase-auth:23.2.0] AndroidManifest.xml:39:27-75
257
258                <data
258-->src\main\AndroidManifest.xml:56:13-50
259                    android:host="firebase.auth"
260                    android:path="/"
261                    android:scheme="recaptcha" />
262            </intent-filter>
263        </activity>
264
265        <receiver
265-->[com.google.firebase:firebase-messaging:24.1.1] AndroidManifest.xml:29:9-40:20
266            android:name="com.google.firebase.iid.FirebaseInstanceIdReceiver"
266-->[com.google.firebase:firebase-messaging:24.1.1] AndroidManifest.xml:30:13-78
267            android:exported="true"
267-->[com.google.firebase:firebase-messaging:24.1.1] AndroidManifest.xml:31:13-36
268            android:permission="com.google.android.c2dm.permission.SEND" >
268-->[com.google.firebase:firebase-messaging:24.1.1] AndroidManifest.xml:32:13-73
269            <intent-filter>
269-->[:firebase_messaging] AndroidManifest.xml:30:13-32:29
270                <action android:name="com.google.android.c2dm.intent.RECEIVE" />
270-->[:firebase_messaging] AndroidManifest.xml:31:17-81
270-->[:firebase_messaging] AndroidManifest.xml:31:25-78
271            </intent-filter>
272
273            <meta-data
273-->[com.google.firebase:firebase-messaging:24.1.1] AndroidManifest.xml:37:13-39:40
274                android:name="com.google.android.gms.cloudmessaging.FINISHED_AFTER_HANDLED"
274-->[com.google.firebase:firebase-messaging:24.1.1] AndroidManifest.xml:38:17-92
275                android:value="true" />
275-->[com.google.firebase:firebase-messaging:24.1.1] AndroidManifest.xml:39:17-37
276        </receiver>
277        <!--
278             FirebaseMessagingService performs security checks at runtime,
279             but set to not exported to explicitly avoid allowing another app to call it.
280        -->
281        <service
281-->[com.google.firebase:firebase-messaging:24.1.1] AndroidManifest.xml:46:9-53:19
282            android:name="com.google.firebase.messaging.FirebaseMessagingService"